npm error code ERESOLVE
npm error ERESOLVE unable to resolve dependency tree
npm error
npm error While resolving: christian360@1.0.0
npm error Found: react@19.0.0
npm error node_modules/react
npm error   react@"19.0.0" from the root project
npm error   peer react@"^16.8.0 || ^17.0.0 || ^18.0.0 || ^19.0.0-beta" from @storybook/react@8.6.12
npm error   node_modules/@storybook/react
npm error     dev @storybook/react@"^8.6.12" from the root project
npm error
npm error Could not resolve dependency:
npm error peer react@"^19.1.0" from react-dom@19.1.0
npm error node_modules/react-dom
npm error   peer react-dom@"^16.8.0 || ^17.0.0 || ^18.0.0 || ^19.0.0-beta" from @storybook/react@8.6.12
npm error   node_modules/@storybook/react
npm error     dev @storybook/react@"^8.6.12" from the root project
npm error
npm error Fix the upstream dependency conflict, or retry
npm error this command with --force or --legacy-peer-deps
npm error to accept an incorrect (and potentially broken) dependency resolution.
npm error
npm error
npm error For a full report see:
npm error /Users/gareth.mulholland/.npm/_logs/2025-05-11T20_27_44_813Z-eresolve-report.txt
npm error A complete log of this run can be found in: /Users/gareth.mulholland/.npm/_logs/2025-05-11T20_27_44_813Z-debug-0.log
